# JRE version: OpenJDK Runtime Environment Temurin-17.0.13+11 (17.0.13+11) (build 17.0.13+11)
# Java VM: OpenJDK 64-Bit Server VM Temurin-17.0.13+11 (17.0.13+11, mixed mode, tiered, compressed oops, compressed class ptrs, parallel gc, windows-amd64)
GC Precious Log:
 CPUs: 8 total, 8 available
 Memory: 7834M
 Large Page Support: Disabled
 NUMA Support: Disabled
 Compressed Oops: Enabled (32-bit)
 Alignments: Space 512K, Generation 512K, Heap 2M
 Heap Min Capacity: 100M
 Heap Initial Capacity: 100M
 Heap Max Capacity: 1G
 Pre-touch: Disabled
 Parallel Workers: 8
Heap:
 PSYoungGen      total 39936K, used 25318K [0x00000000eab00000, 0x00000000ef380000, 0x0000000100000000)
  eden space 27136K, 46% used [0x00000000eab00000,0x00000000eb767268,0x00000000ec580000)
  from space 12800K, 98% used [0x00000000ee700000,0x00000000ef352678,0x00000000ef380000)
  to   space 19456K, 0% used [0x00000000ecd80000,0x00000000ecd80000,0x00000000ee080000)
 ParOldGen       total 372736K, used 333619K [0x00000000c0000000, 0x00000000d6c00000, 0x00000000eab00000)
  object space 372736K, 89% used [0x00000000c0000000,0x00000000d45ccfd8,0x00000000d6c00000)
 Metaspace       used 71761K, committed 73024K, reserved 1114112K
  class space    used 7466K, committed 8064K, reserved 1048576K
GC Heap History (20 events):
Event: 16.049 GC heap before
{Heap before GC invocations=145 (full 8):
 PSYoungGen      total 35328K, used 33016K [0x00000000eab00000, 0x00000000eea80000, 0x0000000100000000)
  eden space 24064K, 100% used [0x00000000eab00000,0x00000000ec280000,0x00000000ec280000)
  from space 11264K, 79% used [0x00000000ed500000,0x00000000eddbe200,0x00000000ee000000)
  to   space 18944K, 0% used [0x00000000ec280000,0x00000000ec280000,0x00000000ed500000)
 ParOldGen       total 372736K, used 274141K [0x00000000c0000000, 0x00000000d6c00000, 0x00000000eab00000)
  object space 372736K, 73% used [0x00000000c0000000,0x00000000d0bb7788,0x00000000d6c00000)
 Metaspace       used 71119K, committed 72384K, reserved 1114112K
  class space    used 7408K, committed 8000K, reserved 1048576K
}
Event: 16.076 GC heap after
{Heap after GC invocations=145 (full 8):
 PSYoungGen      total 31744K, used 7383K [0x00000000eab00000, 0x00000000edb80000, 0x0000000100000000)
  eden space 24064K, 0% used [0x00000000eab00000,0x00000000eab00000,0x00000000ec280000)
  from space 7680K, 96% used [0x00000000ec280000,0x00000000ec9b5eb8,0x00000000eca00000)
  to   space 11264K, 0% used [0x00000000ed080000,0x00000000ed080000,0x00000000edb80000)
 ParOldGen       total 372736K, used 279424K [0x00000000c0000000, 0x00000000d6c00000, 0x00000000eab00000)
  object space 372736K, 74% used [0x00000000c0000000,0x00000000d10e0030,0x00000000d6c00000)
 Metaspace       used 71119K, committed 72384K, reserved 1114112K
  class space    used 7408K, committed 8000K, reserved 1048576K
}
Event: 16.138 GC heap before
{Heap before GC invocations=146 (full 8):
 PSYoungGen      total 31744K, used 31447K [0x00000000eab00000, 0x00000000edb80000, 0x0000000100000000)
  eden space 24064K, 100% used [0x00000000eab00000,0x00000000ec280000,0x00000000ec280000)
  from space 7680K, 96% used [0x00000000ec280000,0x00000000ec9b5eb8,0x00000000eca00000)
  to   space 11264K, 0% used [0x00000000ed080000,0x00000000ed080000,0x00000000edb80000)
 ParOldGen       total 372736K, used 279424K [0x00000000c0000000, 0x00000000d6c00000, 0x00000000eab00000)
  object space 372736K, 74% used [0x00000000c0000000,0x00000000d10e0030,0x00000000d6c00000)
 Metaspace       used 71133K, committed 72384K, reserved 1114112K
  class space    used 7408K, committed 8000K, reserved 1048576K
}
Event: 16.144 GC heap after
{Heap after GC invocations=146 (full 8):
 PSYoungGen      total 31232K, used 4516K [0x00000000eab00000, 0x00000000ed500000, 0x0000000100000000)
  eden space 26624K, 0% used [0x00000000eab00000,0x00000000eab00000,0x00000000ec500000)
  from space 4608K, 98% used [0x00000000ed080000,0x00000000ed4e93a8,0x00000000ed500000)
  to   space 6656K, 0% used [0x00000000ec800000,0x00000000ec800000,0x00000000ece80000)
 ParOldGen       total 372736K, used 283228K [0x00000000c0000000, 0x00000000d6c00000, 0x00000000eab00000)
  object space 372736K, 75% used [0x00000000c0000000,0x00000000d1497100,0x00000000d6c00000)
 Metaspace       used 71133K, committed 72384K, reserved 1114112K
  class space    used 7408K, committed 8000K, reserved 1048576K
}
Event: 16.212 GC heap before
{Heap before GC invocations=147 (full 8):
 PSYoungGen      total 31232K, used 31140K [0x00000000eab00000, 0x00000000ed500000, 0x0000000100000000)
  eden space 26624K, 100% used [0x00000000eab00000,0x00000000ec500000,0x00000000ec500000)
  from space 4608K, 98% used [0x00000000ed080000,0x00000000ed4e93a8,0x00000000ed500000)
  to   space 6656K, 0% used [0x00000000ec800000,0x00000000ec800000,0x00000000ece80000)
 ParOldGen       total 372736K, used 283228K [0x00000000c0000000, 0x00000000d6c00000, 0x00000000eab00000)
  object space 372736K, 75% used [0x00000000c0000000,0x00000000d1497100,0x00000000d6c00000)
 Metaspace       used 71142K, committed 72448K, reserved 1114112K
  class space    used 7409K, committed 8000K, reserved 1048576K
}
Event: 16.218 GC heap after
{Heap after GC invocations=147 (full 8):
 PSYoungGen      total 31744K, used 1649K [0x00000000eab00000, 0x00000000ed100000, 0x0000000100000000)
  eden space 29696K, 0% used [0x00000000eab00000,0x00000000eab00000,0x00000000ec800000)
  from space 2048K, 80% used [0x00000000ec800000,0x00000000ec99c400,0x00000000eca00000)
  to   space 3072K, 0% used [0x00000000ece00000,0x00000000ece00000,0x00000000ed100000)
 ParOldGen       total 372736K, used 286565K [0x00000000c0000000, 0x00000000d6c00000, 0x00000000eab00000)
  object space 372736K, 76% used [0x00000000c0000000,0x00000000d17d9768,0x00000000d6c00000)
 Metaspace       used 71142K, committed 72448K, reserved 1114112K
  class space    used 7409K, committed 8000K, reserved 1048576K
}
Event: 16.273 GC heap before
{Heap before GC invocations=148 (full 8):
 PSYoungGen      total 31744K, used 31345K [0x00000000eab00000, 0x00000000ed100000, 0x0000000100000000)
  eden space 29696K, 100% used [0x00000000eab00000,0x00000000ec800000,0x00000000ec800000)
  from space 2048K, 80% used [0x00000000ec800000,0x00000000ec99c400,0x00000000eca00000)
  to   space 3072K, 0% used [0x00000000ece00000,0x00000000ece00000,0x00000000ed100000)
 ParOldGen       total 372736K, used 286565K [0x00000000c0000000, 0x00000000d6c00000, 0x00000000eab00000)
  object space 372736K, 76% used [0x00000000c0000000,0x00000000d17d9768,0x00000000d6c00000)
 Metaspace       used 71144K, committed 72448K, reserved 1114112K
  class space    used 7409K, committed 8000K, reserved 1048576K
}
Event: 16.277 GC heap after
{Heap after GC invocations=148 (full 8):
 PSYoungGen      total 33792K, used 3071K [0x00000000eab00000, 0x00000000ed500000, 0x0000000100000000)
  eden space 30720K, 0% used [0x00000000eab00000,0x00000000eab00000,0x00000000ec900000)
  from space 3072K, 99% used [0x00000000ece00000,0x00000000ed0ffc00,0x00000000ed100000)
  to   space 5120K, 0% used [0x00000000ec900000,0x00000000ec900000,0x00000000ece00000)
 ParOldGen       total 372736K, used 287755K [0x00000000c0000000, 0x00000000d6c00000, 0x00000000eab00000)
  object space 372736K, 77% used [0x00000000c0000000,0x00000000d1902d60,0x00000000d6c00000)
 Metaspace       used 71144K, committed 72448K, reserved 1114112K
  class space    used 7409K, committed 8000K, reserved 1048576K
}
Event: 16.342 GC heap before
{Heap before GC invocations=149 (full 8):
 PSYoungGen      total 33792K, used 33791K [0x00000000eab00000, 0x00000000ed500000, 0x0000000100000000)
  eden space 30720K, 100% used [0x00000000eab00000,0x00000000ec900000,0x00000000ec900000)
  from space 3072K, 99% used [0x00000000ece00000,0x00000000ed0ffc00,0x00000000ed100000)
  to   space 5120K, 0% used [0x00000000ec900000,0x00000000ec900000,0x00000000ece00000)
 ParOldGen       total 372736K, used 287755K [0x00000000c0000000, 0x00000000d6c00000, 0x00000000eab00000)
  object space 372736K, 77% used [0x00000000c0000000,0x00000000d1902d60,0x00000000d6c00000)
 Metaspace       used 71151K, committed 72448K, reserved 1114112K
  class space    used 7409K, committed 8000K, reserved 1048576K
}
Event: 16.348 GC heap after
{Heap after GC invocations=149 (full 8):
 PSYoungGen      total 35840K, used 5117K [0x00000000eab00000, 0x00000000edb00000, 0x0000000100000000)
  eden space 30720K, 0% used [0x00000000eab00000,0x00000000eab00000,0x00000000ec900000)
  from space 5120K, 99% used [0x00000000ec900000,0x00000000ecdff738,0x00000000ece00000)
  to   space 7680K, 0% used [0x00000000ed380000,0x00000000ed380000,0x00000000edb00000)
 ParOldGen       total 372736K, used 289382K [0x00000000c0000000, 0x00000000d6c00000, 0x00000000eab00000)
  object space 372736K, 77% used [0x00000000c0000000,0x00000000d1a99bd8,0x00000000d6c00000)
 Metaspace       used 71151K, committed 72448K, reserved 1114112K
  class space    used 7409K, committed 8000K, reserved 1048576K
}
Event: 16.432 GC heap before
{Heap before GC invocations=150 (full 8):
 PSYoungGen      total 35840K, used 35837K [0x00000000eab00000, 0x00000000edb00000, 0x0000000100000000)
  eden space 30720K, 100% used [0x00000000eab00000,0x00000000ec900000,0x00000000ec900000)
  from space 5120K, 99% used [0x00000000ec900000,0x00000000ecdff738,0x00000000ece00000)
  to   space 7680K, 0% used [0x00000000ed380000,0x00000000ed380000,0x00000000edb00000)
 ParOldGen       total 372736K, used 289382K [0x00000000c0000000, 0x00000000d6c00000, 0x00000000eab00000)
  object space 372736K, 77% used [0x00000000c0000000,0x00000000d1a99bd8,0x00000000d6c00000)
 Metaspace       used 71160K, committed 72512K, reserved 1114112K
  class space    used 7409K, committed 8000K, reserved 1048576K
}
Event: 16.441 GC heap after
{Heap after GC invocations=150 (full 8):
 PSYoungGen      total 39424K, used 5529K [0x00000000eab00000, 0x00000000ed900000, 0x0000000100000000)
  eden space 33792K, 0% used [0x00000000eab00000,0x00000000eab00000,0x00000000ecc00000)
  from space 5632K, 98% used [0x00000000ed380000,0x00000000ed8e6560,0x00000000ed900000)
  to   space 6144K, 0% used [0x00000000ecd00000,0x00000000ecd00000,0x00000000ed300000)
 ParOldGen       total 372736K, used 293520K [0x00000000c0000000, 0x00000000d6c00000, 0x00000000eab00000)
  object space 372736K, 78% used [0x00000000c0000000,0x00000000d1ea4240,0x00000000d6c00000)
 Metaspace       used 71160K, committed 72512K, reserved 1114112K
  class space    used 7409K, committed 8000K, reserved 1048576K
}
Event: 16.518 GC heap before
{Heap before GC invocations=151 (full 8):
 PSYoungGen      total 39424K, used 39321K [0x00000000eab00000, 0x00000000ed900000, 0x0000000100000000)
  eden space 33792K, 100% used [0x00000000eab00000,0x00000000ecc00000,0x00000000ecc00000)
  from space 5632K, 98% used [0x00000000ed380000,0x00000000ed8e6560,0x00000000ed900000)
  to   space 6144K, 0% used [0x00000000ecd00000,0x00000000ecd00000,0x00000000ed300000)
 ParOldGen       total 372736K, used 293520K [0x00000000c0000000, 0x00000000d6c00000, 0x00000000eab00000)
  object space 372736K, 78% used [0x00000000c0000000,0x00000000d1ea4240,0x00000000d6c00000)
 Metaspace       used 71161K, committed 72512K, reserved 1114112K
  class space    used 7409K, committed 8000K, reserved 1048576K
}
Event: 16.524 GC heap after
{Heap after GC invocations=151 (full 8):
 PSYoungGen      total 40960K, used 6135K [0x00000000eab00000, 0x00000000ee100000, 0x0000000100000000)
  eden space 34816K, 0% used [0x00000000eab00000,0x00000000eab00000,0x00000000ecd00000)
  from space 6144K, 99% used [0x00000000ecd00000,0x00000000ed2fdd50,0x00000000ed300000)
  to   space 9216K, 0% used [0x00000000ed800000,0x00000000ed800000,0x00000000ee100000)
 ParOldGen       total 372736K, used 295986K [0x00000000c0000000, 0x00000000d6c00000, 0x00000000eab00000)
  object space 372736K, 79% used [0x00000000c0000000,0x00000000d210ca08,0x00000000d6c00000)
 Metaspace       used 71161K, committed 72512K, reserved 1114112K
  class space    used 7409K, committed 8000K, reserved 1048576K
}
Event: 16.868 GC heap before
{Heap before GC invocations=152 (full 8):
 PSYoungGen      total 40960K, used 40951K [0x00000000eab00000, 0x00000000ee100000, 0x0000000100000000)
  eden space 34816K, 100% used [0x00000000eab00000,0x00000000ecd00000,0x00000000ecd00000)
  from space 6144K, 99% used [0x00000000ecd00000,0x00000000ed2fdd50,0x00000000ed300000)
  to   space 9216K, 0% used [0x00000000ed800000,0x00000000ed800000,0x00000000ee100000)
 ParOldGen       total 372736K, used 295986K [0x00000000c0000000, 0x00000000d6c00000, 0x00000000eab00000)
  object space 372736K, 79% used [0x00000000c0000000,0x00000000d210ca08,0x00000000d6c00000)
 Metaspace       used 71670K, committed 73024K, reserved 1114112K
  class space    used 7454K, committed 8064K, reserved 1048576K
}
Event: 16.879 GC heap after
{Heap after GC invocations=152 (full 8):
 PSYoungGen      total 36352K, used 9195K [0x00000000eab00000, 0x00000000ef200000, 0x0000000100000000)
  eden space 27136K, 0% used [0x00000000eab00000,0x00000000eab00000,0x00000000ec580000)
  from space 9216K, 99% used [0x00000000ed800000,0x00000000ee0fac08,0x00000000ee100000)
  to   space 18944K, 0% used [0x00000000ec580000,0x00000000ec580000,0x00000000ed800000)
 ParOldGen       total 372736K, used 304063K [0x00000000c0000000, 0x00000000d6c00000, 0x00000000eab00000)
  object space 372736K, 81% used [0x00000000c0000000,0x00000000d28efda8,0x00000000d6c00000)
 Metaspace       used 71670K, committed 73024K, reserved 1114112K
  class space    used 7454K, committed 8064K, reserved 1048576K
}
Event: 17.620 GC heap before
{Heap before GC invocations=153 (full 8):
 PSYoungGen      total 36352K, used 36136K [0x00000000eab00000, 0x00000000ef200000, 0x0000000100000000)
  eden space 27136K, 99% used [0x00000000eab00000,0x00000000ec54f638,0x00000000ec580000)
  from space 9216K, 99% used [0x00000000ed800000,0x00000000ee0fac08,0x00000000ee100000)
  to   space 18944K, 0% used [0x00000000ec580000,0x00000000ec580000,0x00000000ed800000)
 ParOldGen       total 372736K, used 304063K [0x00000000c0000000, 0x00000000d6c00000, 0x00000000eab00000)
  object space 372736K, 81% used [0x00000000c0000000,0x00000000d28efda8,0x00000000d6c00000)
 Metaspace       used 71670K, committed 73024K, reserved 1114112K
  class space    used 7454K, committed 8064K, reserved 1048576K
}
Event: 17.643 GC heap after
{Heap after GC invocations=153 (full 8):
 PSYoungGen      total 46080K, used 18914K [0x00000000eab00000, 0x00000000f0880000, 0x0000000100000000)
  eden space 27136K, 0% used [0x00000000eab00000,0x00000000eab00000,0x00000000ec580000)
  from space 18944K, 99% used [0x00000000ec580000,0x00000000ed7f8940,0x00000000ed800000)
  to   space 34304K, 0% used [0x00000000ee700000,0x00000000ee700000,0x00000000f0880000)
 ParOldGen       total 372736K, used 316579K [0x00000000c0000000, 0x00000000d6c00000, 0x00000000eab00000)
  object space 372736K, 84% used [0x00000000c0000000,0x00000000d3528fd0,0x00000000d6c00000)
 Metaspace       used 71670K, committed 73024K, reserved 1114112K
  class space    used 7454K, committed 8064K, reserved 1048576K
}
Event: 23.890 GC heap before
{Heap before GC invocations=154 (full 8):
 PSYoungGen      total 46080K, used 46050K [0x00000000eab00000, 0x00000000f0880000, 0x0000000100000000)
  eden space 27136K, 100% used [0x00000000eab00000,0x00000000ec580000,0x00000000ec580000)
  from space 18944K, 99% used [0x00000000ec580000,0x00000000ed7f8940,0x00000000ed800000)
  to   space 34304K, 0% used [0x00000000ee700000,0x00000000ee700000,0x00000000f0880000)
 ParOldGen       total 372736K, used 316579K [0x00000000c0000000, 0x00000000d6c00000, 0x00000000eab00000)
  object space 372736K, 84% used [0x00000000c0000000,0x00000000d3528fd0,0x00000000d6c00000)
 Metaspace       used 71754K, committed 73024K, reserved 1114112K
  class space    used 7465K, committed 8064K, reserved 1048576K
}
Event: 23.905 GC heap after
{Heap after GC invocations=154 (full 8):
 PSYoungGen      total 39936K, used 12617K [0x00000000eab00000, 0x00000000ef380000, 0x0000000100000000)
  eden space 27136K, 0% used [0x00000000eab00000,0x00000000eab00000,0x00000000ec580000)
  from space 12800K, 98% used [0x00000000ee700000,0x00000000ef352678,0x00000000ef380000)
  to   space 19456K, 0% used [0x00000000ecd80000,0x00000000ecd80000,0x00000000ee080000)
 ParOldGen       total 372736K, used 333619K [0x00000000c0000000, 0x00000000d6c00000, 0x00000000eab00000)
  object space 372736K, 89% used [0x00000000c0000000,0x00000000d45ccfd8,0x00000000d6c00000)
 Metaspace       used 71754K, committed 73024K, reserved 1114112K
  class space    used 7465K, committed 8064K, reserved 1048576K
}

