# JRE version: OpenJDK Runtime Environment Temurin-17.0.13+11 (17.0.13+11) (build 17.0.13+11)
# Java VM: OpenJDK 64-Bit Server VM Temurin-17.0.13+11 (17.0.13+11, mixed mode, tiered, compressed oops, compressed class ptrs, parallel gc, windows-amd64)
GC Precious Log:
 CPUs: 8 total, 8 available
 Memory: 7834M
 Large Page Support: Disabled
 NUMA Support: Disabled
 Compressed Oops: Enabled (32-bit)
 Alignments: Space 512K, Generation 512K, Heap 2M
 Heap Min Capacity: 100M
 Heap Initial Capacity: 100M
 Heap Max Capacity: 1G
 Pre-touch: Disabled
 Parallel Workers: 8
Heap:
 PSYoungGen      total 73216K, used 27119K [0x00000000eab00000, 0x00000000f1000000, 0x0000000100000000)
  eden space 46080K, 0% used [0x00000000eab00000,0x00000000eab00000,0x00000000ed800000)
  from space 27136K, 99% used [0x00000000ef580000,0x00000000f0ffbc38,0x00000000f1000000)
  to   space 27648K, 0% used [0x00000000ed800000,0x00000000ed800000,0x00000000ef300000)
 ParOldGen       total 392192K, used 348150K [0x00000000c0000000, 0x00000000d7f00000, 0x00000000eab00000)
  object space 392192K, 88% used [0x00000000c0000000,0x00000000d53fdbb8,0x00000000d7f00000)
 Metaspace       used 78109K, committed 79552K, reserved 1179648K
  class space    used 8120K, committed 8768K, reserved 1048576K
GC Heap History (20 events):
Event: 21.149 GC heap after
{Heap after GC invocations=190 (full 10):
 PSYoungGen      total 46592K, used 14519K [0x00000000eab00000, 0x00000000ee980000, 0x0000000100000000)
  eden space 31744K, 0% used [0x00000000eab00000,0x00000000eab00000,0x00000000eca00000)
  from space 14848K, 97% used [0x00000000ed880000,0x00000000ee6adea8,0x00000000ee700000)
  to   space 14848K, 0% used [0x00000000eca00000,0x00000000eca00000,0x00000000ed880000)
 ParOldGen       total 392192K, used 325853K [0x00000000c0000000, 0x00000000d7f00000, 0x00000000eab00000)
  object space 392192K, 83% used [0x00000000c0000000,0x00000000d3e37600,0x00000000d7f00000)
 Metaspace       used 74387K, committed 75712K, reserved 1179648K
  class space    used 7675K, committed 8256K, reserved 1048576K
}
Event: 21.270 GC heap before
{Heap before GC invocations=191 (full 10):
 PSYoungGen      total 46592K, used 46263K [0x00000000eab00000, 0x00000000ee980000, 0x0000000100000000)
  eden space 31744K, 100% used [0x00000000eab00000,0x00000000eca00000,0x00000000eca00000)
  from space 14848K, 97% used [0x00000000ed880000,0x00000000ee6adea8,0x00000000ee700000)
  to   space 14848K, 0% used [0x00000000eca00000,0x00000000eca00000,0x00000000ed880000)
 ParOldGen       total 392192K, used 325853K [0x00000000c0000000, 0x00000000d7f00000, 0x00000000eab00000)
  object space 392192K, 83% used [0x00000000c0000000,0x00000000d3e37600,0x00000000d7f00000)
 Metaspace       used 74399K, committed 75712K, reserved 1179648K
  class space    used 7676K, committed 8256K, reserved 1048576K
}
Event: 21.282 GC heap after
{Heap after GC invocations=191 (full 10):
 PSYoungGen      total 46592K, used 14817K [0x00000000eab00000, 0x00000000ef180000, 0x0000000100000000)
  eden space 31744K, 0% used [0x00000000eab00000,0x00000000eab00000,0x00000000eca00000)
  from space 14848K, 99% used [0x00000000eca00000,0x00000000ed878588,0x00000000ed880000)
  to   space 18944K, 0% used [0x00000000edf00000,0x00000000edf00000,0x00000000ef180000)
 ParOldGen       total 392192K, used 328946K [0x00000000c0000000, 0x00000000d7f00000, 0x00000000eab00000)
  object space 392192K, 83% used [0x00000000c0000000,0x00000000d413c808,0x00000000d7f00000)
 Metaspace       used 74399K, committed 75712K, reserved 1179648K
  class space    used 7676K, committed 8256K, reserved 1048576K
}
Event: 21.410 GC heap before
{Heap before GC invocations=192 (full 10):
 PSYoungGen      total 46592K, used 46561K [0x00000000eab00000, 0x00000000ef180000, 0x0000000100000000)
  eden space 31744K, 100% used [0x00000000eab00000,0x00000000eca00000,0x00000000eca00000)
  from space 14848K, 99% used [0x00000000eca00000,0x00000000ed878588,0x00000000ed880000)
  to   space 18944K, 0% used [0x00000000edf00000,0x00000000edf00000,0x00000000ef180000)
 ParOldGen       total 392192K, used 328946K [0x00000000c0000000, 0x00000000d7f00000, 0x00000000eab00000)
  object space 392192K, 83% used [0x00000000c0000000,0x00000000d413c808,0x00000000d7f00000)
 Metaspace       used 74599K, committed 75904K, reserved 1179648K
  class space    used 7700K, committed 8256K, reserved 1048576K
}
Event: 21.422 GC heap after
{Heap after GC invocations=192 (full 10):
 PSYoungGen      total 53248K, used 18279K [0x00000000eab00000, 0x00000000ef180000, 0x0000000100000000)
  eden space 34304K, 0% used [0x00000000eab00000,0x00000000eab00000,0x00000000ecc80000)
  from space 18944K, 96% used [0x00000000edf00000,0x00000000ef0d9ea8,0x00000000ef180000)
  to   space 18944K, 0% used [0x00000000ecc80000,0x00000000ecc80000,0x00000000edf00000)
 ParOldGen       total 392192K, used 329282K [0x00000000c0000000, 0x00000000d7f00000, 0x00000000eab00000)
  object space 392192K, 83% used [0x00000000c0000000,0x00000000d4190808,0x00000000d7f00000)
 Metaspace       used 74599K, committed 75904K, reserved 1179648K
  class space    used 7700K, committed 8256K, reserved 1048576K
}
Event: 21.584 GC heap before
{Heap before GC invocations=193 (full 10):
 PSYoungGen      total 53248K, used 52583K [0x00000000eab00000, 0x00000000ef180000, 0x0000000100000000)
  eden space 34304K, 100% used [0x00000000eab00000,0x00000000ecc80000,0x00000000ecc80000)
  from space 18944K, 96% used [0x00000000edf00000,0x00000000ef0d9ea8,0x00000000ef180000)
  to   space 18944K, 0% used [0x00000000ecc80000,0x00000000ecc80000,0x00000000edf00000)
 ParOldGen       total 392192K, used 329282K [0x00000000c0000000, 0x00000000d7f00000, 0x00000000eab00000)
  object space 392192K, 83% used [0x00000000c0000000,0x00000000d4190808,0x00000000d7f00000)
 Metaspace       used 75185K, committed 76480K, reserved 1179648K
  class space    used 7756K, committed 8320K, reserved 1048576K
}
Event: 21.599 GC heap after
{Heap after GC invocations=193 (full 10):
 PSYoungGen      total 53248K, used 18924K [0x00000000eab00000, 0x00000000efb80000, 0x0000000100000000)
  eden space 34304K, 0% used [0x00000000eab00000,0x00000000eab00000,0x00000000ecc80000)
  from space 18944K, 99% used [0x00000000ecc80000,0x00000000edefb2c0,0x00000000edf00000)
  to   space 22528K, 0% used [0x00000000ee580000,0x00000000ee580000,0x00000000efb80000)
 ParOldGen       total 392192K, used 331931K [0x00000000c0000000, 0x00000000d7f00000, 0x00000000eab00000)
  object space 392192K, 84% used [0x00000000c0000000,0x00000000d4426c90,0x00000000d7f00000)
 Metaspace       used 75185K, committed 76480K, reserved 1179648K
  class space    used 7756K, committed 8320K, reserved 1048576K
}
Event: 21.695 GC heap before
{Heap before GC invocations=194 (full 10):
 PSYoungGen      total 53248K, used 53228K [0x00000000eab00000, 0x00000000efb80000, 0x0000000100000000)
  eden space 34304K, 100% used [0x00000000eab00000,0x00000000ecc80000,0x00000000ecc80000)
  from space 18944K, 99% used [0x00000000ecc80000,0x00000000edefb2c0,0x00000000edf00000)
  to   space 22528K, 0% used [0x00000000ee580000,0x00000000ee580000,0x00000000efb80000)
 ParOldGen       total 392192K, used 331931K [0x00000000c0000000, 0x00000000d7f00000, 0x00000000eab00000)
  object space 392192K, 84% used [0x00000000c0000000,0x00000000d4426c90,0x00000000d7f00000)
 Metaspace       used 76067K, committed 77376K, reserved 1179648K
  class space    used 7852K, committed 8448K, reserved 1048576K
}
Event: 21.713 GC heap after
{Heap after GC invocations=194 (full 10):
 PSYoungGen      total 58368K, used 20413K [0x00000000eab00000, 0x00000000ef980000, 0x0000000100000000)
  eden space 37888K, 0% used [0x00000000eab00000,0x00000000eab00000,0x00000000ed000000)
  from space 20480K, 99% used [0x00000000ee580000,0x00000000ef96f6c8,0x00000000ef980000)
  to   space 20992K, 0% used [0x00000000ed080000,0x00000000ed080000,0x00000000ee500000)
 ParOldGen       total 392192K, used 334457K [0x00000000c0000000, 0x00000000d7f00000, 0x00000000eab00000)
  object space 392192K, 85% used [0x00000000c0000000,0x00000000d469e708,0x00000000d7f00000)
 Metaspace       used 76067K, committed 77376K, reserved 1179648K
  class space    used 7852K, committed 8448K, reserved 1048576K
}
Event: 21.805 GC heap before
{Heap before GC invocations=195 (full 10):
 PSYoungGen      total 58368K, used 58301K [0x00000000eab00000, 0x00000000ef980000, 0x0000000100000000)
  eden space 37888K, 100% used [0x00000000eab00000,0x00000000ed000000,0x00000000ed000000)
  from space 20480K, 99% used [0x00000000ee580000,0x00000000ef96f6c8,0x00000000ef980000)
  to   space 20992K, 0% used [0x00000000ed080000,0x00000000ed080000,0x00000000ee500000)
 ParOldGen       total 392192K, used 334457K [0x00000000c0000000, 0x00000000d7f00000, 0x00000000eab00000)
  object space 392192K, 85% used [0x00000000c0000000,0x00000000d469e708,0x00000000d7f00000)
 Metaspace       used 76948K, committed 78272K, reserved 1179648K
  class space    used 7936K, committed 8512K, reserved 1048576K
}
Event: 21.819 GC heap after
{Heap after GC invocations=195 (full 10):
 PSYoungGen      total 59392K, used 20969K [0x00000000eab00000, 0x00000000f0480000, 0x0000000100000000)
  eden space 38400K, 0% used [0x00000000eab00000,0x00000000eab00000,0x00000000ed080000)
  from space 20992K, 99% used [0x00000000ed080000,0x00000000ee4fa640,0x00000000ee500000)
  to   space 25088K, 0% used [0x00000000eec00000,0x00000000eec00000,0x00000000f0480000)
 ParOldGen       total 392192K, used 337695K [0x00000000c0000000, 0x00000000d7f00000, 0x00000000eab00000)
  object space 392192K, 86% used [0x00000000c0000000,0x00000000d49c7d20,0x00000000d7f00000)
 Metaspace       used 76948K, committed 78272K, reserved 1179648K
  class space    used 7936K, committed 8512K, reserved 1048576K
}
Event: 21.918 GC heap before
{Heap before GC invocations=196 (full 10):
 PSYoungGen      total 59392K, used 59369K [0x00000000eab00000, 0x00000000f0480000, 0x0000000100000000)
  eden space 38400K, 100% used [0x00000000eab00000,0x00000000ed080000,0x00000000ed080000)
  from space 20992K, 99% used [0x00000000ed080000,0x00000000ee4fa640,0x00000000ee500000)
  to   space 25088K, 0% used [0x00000000eec00000,0x00000000eec00000,0x00000000f0480000)
 ParOldGen       total 392192K, used 337695K [0x00000000c0000000, 0x00000000d7f00000, 0x00000000eab00000)
  object space 392192K, 86% used [0x00000000c0000000,0x00000000d49c7d20,0x00000000d7f00000)
 Metaspace       used 77929K, committed 79296K, reserved 1179648K
  class space    used 8101K, committed 8704K, reserved 1048576K
}
Event: 21.934 GC heap after
{Heap after GC invocations=196 (full 10):
 PSYoungGen      total 66048K, used 24957K [0x00000000eab00000, 0x00000000f0600000, 0x0000000100000000)
  eden space 40960K, 0% used [0x00000000eab00000,0x00000000eab00000,0x00000000ed300000)
  from space 25088K, 99% used [0x00000000eec00000,0x00000000f045f6c8,0x00000000f0480000)
  to   space 25600K, 0% used [0x00000000ed300000,0x00000000ed300000,0x00000000eec00000)
 ParOldGen       total 392192K, used 337807K [0x00000000c0000000, 0x00000000d7f00000, 0x00000000eab00000)
  object space 392192K, 86% used [0x00000000c0000000,0x00000000d49e3d20,0x00000000d7f00000)
 Metaspace       used 77929K, committed 79296K, reserved 1179648K
  class space    used 8101K, committed 8704K, reserved 1048576K
}
Event: 22.059 GC heap before
{Heap before GC invocations=197 (full 10):
 PSYoungGen      total 66048K, used 65917K [0x00000000eab00000, 0x00000000f0600000, 0x0000000100000000)
  eden space 40960K, 100% used [0x00000000eab00000,0x00000000ed300000,0x00000000ed300000)
  from space 25088K, 99% used [0x00000000eec00000,0x00000000f045f6c8,0x00000000f0480000)
  to   space 25600K, 0% used [0x00000000ed300000,0x00000000ed300000,0x00000000eec00000)
 ParOldGen       total 392192K, used 337807K [0x00000000c0000000, 0x00000000d7f00000, 0x00000000eab00000)
  object space 392192K, 86% used [0x00000000c0000000,0x00000000d49e3d20,0x00000000d7f00000)
 Metaspace       used 78102K, committed 79552K, reserved 1179648K
  class space    used 8120K, committed 8768K, reserved 1048576K
}
Event: 22.075 GC heap after
{Heap after GC invocations=197 (full 10):
 PSYoungGen      total 66560K, used 25597K [0x00000000eab00000, 0x00000000f1100000, 0x0000000100000000)
  eden space 40960K, 0% used [0x00000000eab00000,0x00000000eab00000,0x00000000ed300000)
  from space 25600K, 99% used [0x00000000ed300000,0x00000000eebff6a8,0x00000000eec00000)
  to   space 29696K, 0% used [0x00000000ef400000,0x00000000ef400000,0x00000000f1100000)
 ParOldGen       total 392192K, used 341023K [0x00000000c0000000, 0x00000000d7f00000, 0x00000000eab00000)
  object space 392192K, 86% used [0x00000000c0000000,0x00000000d4d07f60,0x00000000d7f00000)
 Metaspace       used 78102K, committed 79552K, reserved 1179648K
  class space    used 8120K, committed 8768K, reserved 1048576K
}
Event: 22.210 GC heap before
{Heap before GC invocations=198 (full 10):
 PSYoungGen      total 66560K, used 66557K [0x00000000eab00000, 0x00000000f1100000, 0x0000000100000000)
  eden space 40960K, 100% used [0x00000000eab00000,0x00000000ed300000,0x00000000ed300000)
  from space 25600K, 99% used [0x00000000ed300000,0x00000000eebff6a8,0x00000000eec00000)
  to   space 29696K, 0% used [0x00000000ef400000,0x00000000ef400000,0x00000000f1100000)
 ParOldGen       total 392192K, used 341023K [0x00000000c0000000, 0x00000000d7f00000, 0x00000000eab00000)
  object space 392192K, 86% used [0x00000000c0000000,0x00000000d4d07f60,0x00000000d7f00000)
 Metaspace       used 78102K, committed 79552K, reserved 1179648K
  class space    used 8120K, committed 8768K, reserved 1048576K
}
Event: 22.223 GC heap after
{Heap after GC invocations=198 (full 10):
 PSYoungGen      total 71680K, used 26540K [0x00000000eab00000, 0x00000000f0e00000, 0x0000000100000000)
  eden space 45056K, 0% used [0x00000000eab00000,0x00000000eab00000,0x00000000ed700000)
  from space 26624K, 99% used [0x00000000ef400000,0x00000000f0deb018,0x00000000f0e00000)
  to   space 27648K, 0% used [0x00000000ed800000,0x00000000ed800000,0x00000000ef300000)
 ParOldGen       total 392192K, used 344108K [0x00000000c0000000, 0x00000000d7f00000, 0x00000000eab00000)
  object space 392192K, 87% used [0x00000000c0000000,0x00000000d500b160,0x00000000d7f00000)
 Metaspace       used 78102K, committed 79552K, reserved 1179648K
  class space    used 8120K, committed 8768K, reserved 1048576K
}
Event: 22.801 GC heap before
{Heap before GC invocations=199 (full 10):
 PSYoungGen      total 71680K, used 71596K [0x00000000eab00000, 0x00000000f0e00000, 0x0000000100000000)
  eden space 45056K, 100% used [0x00000000eab00000,0x00000000ed700000,0x00000000ed700000)
  from space 26624K, 99% used [0x00000000ef400000,0x00000000f0deb018,0x00000000f0e00000)
  to   space 27648K, 0% used [0x00000000ed800000,0x00000000ed800000,0x00000000ef300000)
 ParOldGen       total 392192K, used 344108K [0x00000000c0000000, 0x00000000d7f00000, 0x00000000eab00000)
  object space 392192K, 87% used [0x00000000c0000000,0x00000000d500b160,0x00000000d7f00000)
 Metaspace       used 78109K, committed 79552K, reserved 1179648K
  class space    used 8120K, committed 8768K, reserved 1048576K
}
Event: 22.814 GC heap after
{Heap after GC invocations=199 (full 10):
 PSYoungGen      total 73728K, used 26868K [0x00000000eab00000, 0x00000000f1000000, 0x0000000100000000)
  eden space 46080K, 0% used [0x00000000eab00000,0x00000000eab00000,0x00000000ed800000)
  from space 27648K, 97% used [0x00000000ed800000,0x00000000ef23d030,0x00000000ef300000)
  to   space 27136K, 0% used [0x00000000ef580000,0x00000000ef580000,0x00000000f1000000)
 ParOldGen       total 392192K, used 344972K [0x00000000c0000000, 0x00000000d7f00000, 0x00000000eab00000)
  object space 392192K, 87% used [0x00000000c0000000,0x00000000d50e3168,0x00000000d7f00000)
 Metaspace       used 78109K, committed 79552K, reserved 1179648K
  class space    used 8120K, committed 8768K, reserved 1048576K
}
Event: 23.017 GC heap before
{Heap before GC invocations=200 (full 10):
 PSYoungGen      total 73728K, used 72948K [0x00000000eab00000, 0x00000000f1000000, 0x0000000100000000)
  eden space 46080K, 100% used [0x00000000eab00000,0x00000000ed800000,0x00000000ed800000)
  from space 27648K, 97% used [0x00000000ed800000,0x00000000ef23d030,0x00000000ef300000)
  to   space 27136K, 0% used [0x00000000ef580000,0x00000000ef580000,0x00000000f1000000)
 ParOldGen       total 392192K, used 344972K [0x00000000c0000000, 0x00000000d7f00000, 0x00000000eab00000)
  object space 392192K, 87% used [0x00000000c0000000,0x00000000d50e3168,0x00000000d7f00000)
 Metaspace       used 78109K, committed 79552K, reserved 1179648K
  class space    used 8120K, committed 8768K, reserved 1048576K
}

