# JRE version: OpenJDK Runtime Environment Temurin-17.0.13+11 (17.0.13+11) (build 17.0.13+11)
# Java VM: OpenJDK 64-Bit Server VM Temurin-17.0.13+11 (17.0.13+11, mixed mode, tiered, compressed oops, compressed class ptrs, parallel gc, windows-amd64)
GC Precious Log:
 CPUs: 8 total, 8 available
 Memory: 7834M
 Large Page Support: Disabled
 NUMA Support: Disabled
 Compressed Oops: Enabled (32-bit)
 Alignments: Space 512K, Generation 512K, Heap 2M
 Heap Min Capacity: 100M
 Heap Initial Capacity: 100M
 Heap Max Capacity: 1G
 Pre-touch: Disabled
 Parallel Workers: 8
Heap:
 PSYoungGen      total 7168K, used 7101K [0x00000000eab00000, 0x00000000eb400000, 0x0000000100000000)
  eden space 5120K, 98% used [0x00000000eab00000,0x00000000eafef528,0x00000000eb000000)
  from space 2048K, 100% used [0x00000000eb200000,0x00000000eb400000,0x00000000eb400000)
  to   space 1536K, 0% used [0x00000000eb080000,0x00000000eb080000,0x00000000eb200000)
 ParOldGen       total 249344K, used 238477K [0x00000000c0000000, 0x00000000cf380000, 0x00000000eab00000)
  object space 249344K, 95% used [0x00000000c0000000,0x00000000ce8e3698,0x00000000cf380000)
 Metaspace       used 72513K, committed 73856K, reserved 1179648K
  class space    used 7534K, committed 8128K, reserved 1048576K
GC Heap History (20 events):
Event: 24.952 GC heap before
{Heap before GC invocations=267 (full 11):
 PSYoungGen      total 7168K, used 6873K [0x00000000eab00000, 0x00000000eb400000, 0x0000000100000000)
  eden space 5120K, 100% used [0x00000000eab00000,0x00000000eb000000,0x00000000eb000000)
  from space 2048K, 85% used [0x00000000eb200000,0x00000000eb3b6560,0x00000000eb400000)
  to   space 2048K, 0% used [0x00000000eb000000,0x00000000eb000000,0x00000000eb200000)
 ParOldGen       total 249344K, used 231584K [0x00000000c0000000, 0x00000000cf380000, 0x00000000eab00000)
  object space 249344K, 92% used [0x00000000c0000000,0x00000000ce228320,0x00000000cf380000)
 Metaspace       used 72513K, committed 73856K, reserved 1179648K
  class space    used 7534K, committed 8128K, reserved 1048576K
}
Event: 24.953 GC heap after
{Heap after GC invocations=267 (full 11):
 PSYoungGen      total 7168K, used 2023K [0x00000000eab00000, 0x00000000eb500000, 0x0000000100000000)
  eden space 5120K, 0% used [0x00000000eab00000,0x00000000eab00000,0x00000000eb000000)
  from space 2048K, 98% used [0x00000000eb000000,0x00000000eb1f9c68,0x00000000eb200000)
  to   space 2560K, 0% used [0x00000000eb280000,0x00000000eb280000,0x00000000eb500000)
 ParOldGen       total 249344K, used 231920K [0x00000000c0000000, 0x00000000cf380000, 0x00000000eab00000)
  object space 249344K, 93% used [0x00000000c0000000,0x00000000ce27c320,0x00000000cf380000)
 Metaspace       used 72513K, committed 73856K, reserved 1179648K
  class space    used 7534K, committed 8128K, reserved 1048576K
}
Event: 24.964 GC heap before
{Heap before GC invocations=268 (full 11):
 PSYoungGen      total 7168K, used 7143K [0x00000000eab00000, 0x00000000eb500000, 0x0000000100000000)
  eden space 5120K, 100% used [0x00000000eab00000,0x00000000eb000000,0x00000000eb000000)
  from space 2048K, 98% used [0x00000000eb000000,0x00000000eb1f9c68,0x00000000eb200000)
  to   space 2560K, 0% used [0x00000000eb280000,0x00000000eb280000,0x00000000eb500000)
 ParOldGen       total 249344K, used 231920K [0x00000000c0000000, 0x00000000cf380000, 0x00000000eab00000)
  object space 249344K, 93% used [0x00000000c0000000,0x00000000ce27c320,0x00000000cf380000)
 Metaspace       used 72513K, committed 73856K, reserved 1179648K
  class space    used 7534K, committed 8128K, reserved 1048576K
}
Event: 24.965 GC heap after
{Heap after GC invocations=268 (full 11):
 PSYoungGen      total 7168K, used 1612K [0x00000000eab00000, 0x00000000eb480000, 0x0000000100000000)
  eden space 5120K, 0% used [0x00000000eab00000,0x00000000eab00000,0x00000000eb000000)
  from space 2048K, 78% used [0x00000000eb280000,0x00000000eb413008,0x00000000eb480000)
  to   space 2048K, 0% used [0x00000000eb000000,0x00000000eb000000,0x00000000eb200000)
 ParOldGen       total 249344K, used 233268K [0x00000000c0000000, 0x00000000cf380000, 0x00000000eab00000)
  object space 249344K, 93% used [0x00000000c0000000,0x00000000ce3cd078,0x00000000cf380000)
 Metaspace       used 72513K, committed 73856K, reserved 1179648K
  class space    used 7534K, committed 8128K, reserved 1048576K
}
Event: 24.977 GC heap before
{Heap before GC invocations=269 (full 11):
 PSYoungGen      total 7168K, used 6732K [0x00000000eab00000, 0x00000000eb480000, 0x0000000100000000)
  eden space 5120K, 100% used [0x00000000eab00000,0x00000000eb000000,0x00000000eb000000)
  from space 2048K, 78% used [0x00000000eb280000,0x00000000eb413008,0x00000000eb480000)
  to   space 2048K, 0% used [0x00000000eb000000,0x00000000eb000000,0x00000000eb200000)
 ParOldGen       total 249344K, used 233268K [0x00000000c0000000, 0x00000000cf380000, 0x00000000eab00000)
  object space 249344K, 93% used [0x00000000c0000000,0x00000000ce3cd078,0x00000000cf380000)
 Metaspace       used 72513K, committed 73856K, reserved 1179648K
  class space    used 7534K, committed 8128K, reserved 1048576K
}
Event: 24.978 GC heap after
{Heap after GC invocations=269 (full 11):
 PSYoungGen      total 7168K, used 2028K [0x00000000eab00000, 0x00000000eb500000, 0x0000000100000000)
  eden space 5120K, 0% used [0x00000000eab00000,0x00000000eab00000,0x00000000eb000000)
  from space 2048K, 99% used [0x00000000eb000000,0x00000000eb1fb008,0x00000000eb200000)
  to   space 2560K, 0% used [0x00000000eb280000,0x00000000eb280000,0x00000000eb500000)
 ParOldGen       total 249344K, used 233404K [0x00000000c0000000, 0x00000000cf380000, 0x00000000eab00000)
  object space 249344K, 93% used [0x00000000c0000000,0x00000000ce3ef078,0x00000000cf380000)
 Metaspace       used 72513K, committed 73856K, reserved 1179648K
  class space    used 7534K, committed 8128K, reserved 1048576K
}
Event: 24.988 GC heap before
{Heap before GC invocations=270 (full 11):
 PSYoungGen      total 7168K, used 7148K [0x00000000eab00000, 0x00000000eb500000, 0x0000000100000000)
  eden space 5120K, 100% used [0x00000000eab00000,0x00000000eb000000,0x00000000eb000000)
  from space 2048K, 99% used [0x00000000eb000000,0x00000000eb1fb008,0x00000000eb200000)
  to   space 2560K, 0% used [0x00000000eb280000,0x00000000eb280000,0x00000000eb500000)
 ParOldGen       total 249344K, used 233404K [0x00000000c0000000, 0x00000000cf380000, 0x00000000eab00000)
  object space 249344K, 93% used [0x00000000c0000000,0x00000000ce3ef078,0x00000000cf380000)
 Metaspace       used 72513K, committed 73856K, reserved 1179648K
  class space    used 7534K, committed 8128K, reserved 1048576K
}
Event: 24.989 GC heap after
{Heap after GC invocations=270 (full 11):
 PSYoungGen      total 6656K, used 1472K [0x00000000eab00000, 0x00000000eb400000, 0x0000000100000000)
  eden space 5120K, 0% used [0x00000000eab00000,0x00000000eab00000,0x00000000eb000000)
  from space 1536K, 95% used [0x00000000eb280000,0x00000000eb3f0000,0x00000000eb400000)
  to   space 2048K, 0% used [0x00000000eb000000,0x00000000eb000000,0x00000000eb200000)
 ParOldGen       total 249344K, used 234760K [0x00000000c0000000, 0x00000000cf380000, 0x00000000eab00000)
  object space 249344K, 94% used [0x00000000c0000000,0x00000000ce542080,0x00000000cf380000)
 Metaspace       used 72513K, committed 73856K, reserved 1179648K
  class space    used 7534K, committed 8128K, reserved 1048576K
}
Event: 24.999 GC heap before
{Heap before GC invocations=271 (full 11):
 PSYoungGen      total 6656K, used 6592K [0x00000000eab00000, 0x00000000eb400000, 0x0000000100000000)
  eden space 5120K, 100% used [0x00000000eab00000,0x00000000eb000000,0x00000000eb000000)
  from space 1536K, 95% used [0x00000000eb280000,0x00000000eb3f0000,0x00000000eb400000)
  to   space 2048K, 0% used [0x00000000eb000000,0x00000000eb000000,0x00000000eb200000)
 ParOldGen       total 249344K, used 234760K [0x00000000c0000000, 0x00000000cf380000, 0x00000000eab00000)
  object space 249344K, 94% used [0x00000000c0000000,0x00000000ce542080,0x00000000cf380000)
 Metaspace       used 72513K, committed 73856K, reserved 1179648K
  class space    used 7534K, committed 8128K, reserved 1048576K
}
Event: 25.001 GC heap after
{Heap after GC invocations=271 (full 11):
 PSYoungGen      total 6656K, used 1504K [0x00000000eab00000, 0x00000000eb300000, 0x0000000100000000)
  eden space 5120K, 0% used [0x00000000eab00000,0x00000000eab00000,0x00000000eb000000)
  from space 1536K, 97% used [0x00000000eb000000,0x00000000eb178000,0x00000000eb180000)
  to   space 1536K, 0% used [0x00000000eb180000,0x00000000eb180000,0x00000000eb300000)
 ParOldGen       total 249344K, used 235448K [0x00000000c0000000, 0x00000000cf380000, 0x00000000eab00000)
  object space 249344K, 94% used [0x00000000c0000000,0x00000000ce5ee080,0x00000000cf380000)
 Metaspace       used 72513K, committed 73856K, reserved 1179648K
  class space    used 7534K, committed 8128K, reserved 1048576K
}
Event: 25.011 GC heap before
{Heap before GC invocations=272 (full 11):
 PSYoungGen      total 6656K, used 6617K [0x00000000eab00000, 0x00000000eb300000, 0x0000000100000000)
  eden space 5120K, 99% used [0x00000000eab00000,0x00000000eaffe558,0x00000000eb000000)
  from space 1536K, 97% used [0x00000000eb000000,0x00000000eb178000,0x00000000eb180000)
  to   space 1536K, 0% used [0x00000000eb180000,0x00000000eb180000,0x00000000eb300000)
 ParOldGen       total 249344K, used 235448K [0x00000000c0000000, 0x00000000cf380000, 0x00000000eab00000)
  object space 249344K, 94% used [0x00000000c0000000,0x00000000ce5ee080,0x00000000cf380000)
 Metaspace       used 72513K, committed 73856K, reserved 1179648K
  class space    used 7534K, committed 8128K, reserved 1048576K
}
Event: 25.012 GC heap after
{Heap after GC invocations=272 (full 11):
 PSYoungGen      total 6656K, used 1504K [0x00000000eab00000, 0x00000000eb300000, 0x0000000100000000)
  eden space 5120K, 0% used [0x00000000eab00000,0x00000000eab00000,0x00000000eb000000)
  from space 1536K, 97% used [0x00000000eb180000,0x00000000eb2f8000,0x00000000eb300000)
  to   space 1536K, 0% used [0x00000000eb000000,0x00000000eb000000,0x00000000eb180000)
 ParOldGen       total 249344K, used 236125K [0x00000000c0000000, 0x00000000cf380000, 0x00000000eab00000)
  object space 249344K, 94% used [0x00000000c0000000,0x00000000ce697690,0x00000000cf380000)
 Metaspace       used 72513K, committed 73856K, reserved 1179648K
  class space    used 7534K, committed 8128K, reserved 1048576K
}
Event: 25.026 GC heap before
{Heap before GC invocations=273 (full 11):
 PSYoungGen      total 6656K, used 6624K [0x00000000eab00000, 0x00000000eb300000, 0x0000000100000000)
  eden space 5120K, 100% used [0x00000000eab00000,0x00000000eb000000,0x00000000eb000000)
  from space 1536K, 97% used [0x00000000eb180000,0x00000000eb2f8000,0x00000000eb300000)
  to   space 1536K, 0% used [0x00000000eb000000,0x00000000eb000000,0x00000000eb180000)
 ParOldGen       total 249344K, used 236125K [0x00000000c0000000, 0x00000000cf380000, 0x00000000eab00000)
  object space 249344K, 94% used [0x00000000c0000000,0x00000000ce697690,0x00000000cf380000)
 Metaspace       used 72513K, committed 73856K, reserved 1179648K
  class space    used 7534K, committed 8128K, reserved 1048576K
}
Event: 26.036 GC heap after
{Heap after GC invocations=273 (full 11):
 PSYoungGen      total 6656K, used 1528K [0x00000000eab00000, 0x00000000eb500000, 0x0000000100000000)
  eden space 5120K, 0% used [0x00000000eab00000,0x00000000eab00000,0x00000000eb000000)
  from space 1536K, 99% used [0x00000000eb000000,0x00000000eb17e008,0x00000000eb180000)
  to   space 2560K, 0% used [0x00000000eb280000,0x00000000eb280000,0x00000000eb500000)
 ParOldGen       total 249344K, used 236949K [0x00000000c0000000, 0x00000000cf380000, 0x00000000eab00000)
  object space 249344K, 95% used [0x00000000c0000000,0x00000000ce765690,0x00000000cf380000)
 Metaspace       used 72513K, committed 73856K, reserved 1179648K
  class space    used 7534K, committed 8128K, reserved 1048576K
}
Event: 26.044 GC heap before
{Heap before GC invocations=274 (full 11):
 PSYoungGen      total 6656K, used 6648K [0x00000000eab00000, 0x00000000eb500000, 0x0000000100000000)
  eden space 5120K, 100% used [0x00000000eab00000,0x00000000eb000000,0x00000000eb000000)
  from space 1536K, 99% used [0x00000000eb000000,0x00000000eb17e008,0x00000000eb180000)
  to   space 2560K, 0% used [0x00000000eb280000,0x00000000eb280000,0x00000000eb500000)
 ParOldGen       total 249344K, used 236949K [0x00000000c0000000, 0x00000000cf380000, 0x00000000eab00000)
  object space 249344K, 95% used [0x00000000c0000000,0x00000000ce765690,0x00000000cf380000)
 Metaspace       used 72513K, committed 73856K, reserved 1179648K
  class space    used 7534K, committed 8128K, reserved 1048576K
}
Event: 26.046 GC heap after
{Heap after GC invocations=274 (full 11):
 PSYoungGen      total 6144K, used 832K [0x00000000eab00000, 0x00000000eb380000, 0x0000000100000000)
  eden space 5120K, 0% used [0x00000000eab00000,0x00000000eab00000,0x00000000eb000000)
  from space 1024K, 81% used [0x00000000eb280000,0x00000000eb350000,0x00000000eb380000)
  to   space 1536K, 0% used [0x00000000eb080000,0x00000000eb080000,0x00000000eb200000)
 ParOldGen       total 249344K, used 238453K [0x00000000c0000000, 0x00000000cf380000, 0x00000000eab00000)
  object space 249344K, 95% used [0x00000000c0000000,0x00000000ce8dd698,0x00000000cf380000)
 Metaspace       used 72513K, committed 73856K, reserved 1179648K
  class space    used 7534K, committed 8128K, reserved 1048576K
}
Event: 26.054 GC heap before
{Heap before GC invocations=275 (full 11):
 PSYoungGen      total 6144K, used 5952K [0x00000000eab00000, 0x00000000eb380000, 0x0000000100000000)
  eden space 5120K, 100% used [0x00000000eab00000,0x00000000eb000000,0x00000000eb000000)
  from space 1024K, 81% used [0x00000000eb280000,0x00000000eb350000,0x00000000eb380000)
  to   space 1536K, 0% used [0x00000000eb080000,0x00000000eb080000,0x00000000eb200000)
 ParOldGen       total 249344K, used 238453K [0x00000000c0000000, 0x00000000cf380000, 0x00000000eab00000)
  object space 249344K, 95% used [0x00000000c0000000,0x00000000ce8dd698,0x00000000cf380000)
 Metaspace       used 72513K, committed 73856K, reserved 1179648K
  class space    used 7534K, committed 8128K, reserved 1048576K
}
Event: 26.054 GC heap after
{Heap after GC invocations=275 (full 11):
 PSYoungGen      total 6656K, used 1472K [0x00000000eab00000, 0x00000000eb400000, 0x0000000100000000)
  eden space 5120K, 0% used [0x00000000eab00000,0x00000000eab00000,0x00000000eb000000)
  from space 1536K, 95% used [0x00000000eb080000,0x00000000eb1f0000,0x00000000eb200000)
  to   space 2048K, 0% used [0x00000000eb200000,0x00000000eb200000,0x00000000eb400000)
 ParOldGen       total 249344K, used 238453K [0x00000000c0000000, 0x00000000cf380000, 0x00000000eab00000)
  object space 249344K, 95% used [0x00000000c0000000,0x00000000ce8dd698,0x00000000cf380000)
 Metaspace       used 72513K, committed 73856K, reserved 1179648K
  class space    used 7534K, committed 8128K, reserved 1048576K
}
Event: 26.062 GC heap before
{Heap before GC invocations=276 (full 11):
 PSYoungGen      total 6656K, used 6592K [0x00000000eab00000, 0x00000000eb400000, 0x0000000100000000)
  eden space 5120K, 100% used [0x00000000eab00000,0x00000000eb000000,0x00000000eb000000)
  from space 1536K, 95% used [0x00000000eb080000,0x00000000eb1f0000,0x00000000eb200000)
  to   space 2048K, 0% used [0x00000000eb200000,0x00000000eb200000,0x00000000eb400000)
 ParOldGen       total 249344K, used 238453K [0x00000000c0000000, 0x00000000cf380000, 0x00000000eab00000)
  object space 249344K, 95% used [0x00000000c0000000,0x00000000ce8dd698,0x00000000cf380000)
 Metaspace       used 72513K, committed 73856K, reserved 1179648K
  class space    used 7534K, committed 8128K, reserved 1048576K
}
Event: 28.077 GC heap after
{Heap after GC invocations=276 (full 11):
 PSYoungGen      total 7168K, used 2048K [0x00000000eab00000, 0x00000000eb400000, 0x0000000100000000)
  eden space 5120K, 0% used [0x00000000eab00000,0x00000000eab00000,0x00000000eb000000)
  from space 2048K, 100% used [0x00000000eb200000,0x00000000eb400000,0x00000000eb400000)
  to   space 1536K, 0% used [0x00000000eb080000,0x00000000eb080000,0x00000000eb200000)
 ParOldGen       total 249344K, used 238477K [0x00000000c0000000, 0x00000000cf380000, 0x00000000eab00000)
  object space 249344K, 95% used [0x00000000c0000000,0x00000000ce8e3698,0x00000000cf380000)
 Metaspace       used 72513K, committed 73856K, reserved 1179648K
  class space    used 7534K, committed 8128K, reserved 1048576K
}

