# JRE version: OpenJDK Runtime Environment Temurin-17.0.13+11 (17.0.13+11) (build 17.0.13+11)
# Java VM: OpenJDK 64-Bit Server VM Temurin-17.0.13+11 (17.0.13+11, mixed mode, tiered, compressed oops, compressed class ptrs, parallel gc, windows-amd64)
GC Precious Log:
 CPUs: 8 total, 8 available
 Memory: 7834M
 Large Page Support: Disabled
 NUMA Support: Disabled
 Compressed Oops: Enabled (32-bit)
 Alignments: Space 512K, Generation 512K, Heap 2M
 Heap Min Capacity: 100M
 Heap Initial Capacity: 100M
 Heap Max Capacity: 1G
 Pre-touch: Disabled
 Parallel Workers: 8
Heap:
 PSYoungGen      total 34304K, used 29184K [0x00000000eab00000, 0x00000000ed480000, 0x0000000100000000)
  eden space 29184K, 100% used [0x00000000eab00000,0x00000000ec780000,0x00000000ec780000)
  from space 5120K, 0% used [0x00000000ecf80000,0x00000000ecf80000,0x00000000ed480000)
  to   space 6656K, 0% used [0x00000000ec780000,0x00000000ec780000,0x00000000ece00000)
 ParOldGen       total 323584K, used 322447K [0x00000000c0000000, 0x00000000d3c00000, 0x00000000eab00000)
  object space 323584K, 99% used [0x00000000c0000000,0x00000000d3ae3d18,0x00000000d3c00000)
 Metaspace       used 65117K, committed 66368K, reserved 1114112K
  class space    used 6915K, committed 7488K, reserved 1048576K
GC Heap History (20 events):
Event: 43.710 GC heap before
{Heap before GC invocations=188 (full 12):
 PSYoungGen      total 24576K, used 24262K [0x00000000eab00000, 0x00000000eca00000, 0x0000000100000000)
  eden space 21504K, 100% used [0x00000000eab00000,0x00000000ec000000,0x00000000ec000000)
  from space 3072K, 89% used [0x00000000ec700000,0x00000000ec9b1ae8,0x00000000eca00000)
  to   space 4096K, 0% used [0x00000000ec200000,0x00000000ec200000,0x00000000ec600000)
 ParOldGen       total 323584K, used 294742K [0x00000000c0000000, 0x00000000d3c00000, 0x00000000eab00000)
  object space 323584K, 91% used [0x00000000c0000000,0x00000000d1fd59e8,0x00000000d3c00000)
 Metaspace       used 64652K, committed 65984K, reserved 1114112K
  class space    used 6873K, committed 7488K, reserved 1048576K
}
Event: 43.713 GC heap after
{Heap after GC invocations=188 (full 12):
 PSYoungGen      total 26624K, used 2560K [0x00000000eab00000, 0x00000000ec880000, 0x0000000100000000)
  eden space 23552K, 0% used [0x00000000eab00000,0x00000000eab00000,0x00000000ec200000)
  from space 3072K, 83% used [0x00000000ec200000,0x00000000ec480010,0x00000000ec500000)
  to   space 3072K, 0% used [0x00000000ec580000,0x00000000ec580000,0x00000000ec880000)
 ParOldGen       total 323584K, used 295717K [0x00000000c0000000, 0x00000000d3c00000, 0x00000000eab00000)
  object space 323584K, 91% used [0x00000000c0000000,0x00000000d20c9610,0x00000000d3c00000)
 Metaspace       used 64652K, committed 65984K, reserved 1114112K
  class space    used 6873K, committed 7488K, reserved 1048576K
}
Event: 43.742 GC heap before
{Heap before GC invocations=189 (full 12):
 PSYoungGen      total 26624K, used 26112K [0x00000000eab00000, 0x00000000ec880000, 0x0000000100000000)
  eden space 23552K, 100% used [0x00000000eab00000,0x00000000ec200000,0x00000000ec200000)
  from space 3072K, 83% used [0x00000000ec200000,0x00000000ec480010,0x00000000ec500000)
  to   space 3072K, 0% used [0x00000000ec580000,0x00000000ec580000,0x00000000ec880000)
 ParOldGen       total 323584K, used 295717K [0x00000000c0000000, 0x00000000d3c00000, 0x00000000eab00000)
  object space 323584K, 91% used [0x00000000c0000000,0x00000000d20c9610,0x00000000d3c00000)
 Metaspace       used 64687K, committed 66048K, reserved 1114112K
  class space    used 6877K, committed 7488K, reserved 1048576K
}
Event: 43.746 GC heap after
{Heap after GC invocations=189 (full 12):
 PSYoungGen      total 26624K, used 3027K [0x00000000eab00000, 0x00000000ecb80000, 0x0000000100000000)
  eden space 23552K, 0% used [0x00000000eab00000,0x00000000eab00000,0x00000000ec200000)
  from space 3072K, 98% used [0x00000000ec580000,0x00000000ec874c58,0x00000000ec880000)
  to   space 3584K, 0% used [0x00000000ec200000,0x00000000ec200000,0x00000000ec580000)
 ParOldGen       total 323584K, used 297671K [0x00000000c0000000, 0x00000000d3c00000, 0x00000000eab00000)
  object space 323584K, 91% used [0x00000000c0000000,0x00000000d22b1ca0,0x00000000d3c00000)
 Metaspace       used 64687K, committed 66048K, reserved 1114112K
  class space    used 6877K, committed 7488K, reserved 1048576K
}
Event: 43.803 GC heap before
{Heap before GC invocations=190 (full 12):
 PSYoungGen      total 26624K, used 26579K [0x00000000eab00000, 0x00000000ecb80000, 0x0000000100000000)
  eden space 23552K, 100% used [0x00000000eab00000,0x00000000ec200000,0x00000000ec200000)
  from space 3072K, 98% used [0x00000000ec580000,0x00000000ec874c58,0x00000000ec880000)
  to   space 3584K, 0% used [0x00000000ec200000,0x00000000ec200000,0x00000000ec580000)
 ParOldGen       total 323584K, used 297671K [0x00000000c0000000, 0x00000000d3c00000, 0x00000000eab00000)
  object space 323584K, 91% used [0x00000000c0000000,0x00000000d22b1ca0,0x00000000d3c00000)
 Metaspace       used 64693K, committed 66048K, reserved 1114112K
  class space    used 6877K, committed 7488K, reserved 1048576K
}
Event: 43.807 GC heap after
{Heap after GC invocations=190 (full 12):
 PSYoungGen      total 27136K, used 3555K [0x00000000eab00000, 0x00000000ed480000, 0x0000000100000000)
  eden space 23552K, 0% used [0x00000000eab00000,0x00000000eab00000,0x00000000ec200000)
  from space 3584K, 99% used [0x00000000ec200000,0x00000000ec578d88,0x00000000ec580000)
  to   space 8192K, 0% used [0x00000000ecc80000,0x00000000ecc80000,0x00000000ed480000)
 ParOldGen       total 323584K, used 301521K [0x00000000c0000000, 0x00000000d3c00000, 0x00000000eab00000)
  object space 323584K, 93% used [0x00000000c0000000,0x00000000d26747d8,0x00000000d3c00000)
 Metaspace       used 64693K, committed 66048K, reserved 1114112K
  class space    used 6877K, committed 7488K, reserved 1048576K
}
Event: 43.854 GC heap before
{Heap before GC invocations=191 (full 12):
 PSYoungGen      total 27136K, used 27107K [0x00000000eab00000, 0x00000000ed480000, 0x0000000100000000)
  eden space 23552K, 100% used [0x00000000eab00000,0x00000000ec200000,0x00000000ec200000)
  from space 3584K, 99% used [0x00000000ec200000,0x00000000ec578d88,0x00000000ec580000)
  to   space 8192K, 0% used [0x00000000ecc80000,0x00000000ecc80000,0x00000000ed480000)
 ParOldGen       total 323584K, used 301521K [0x00000000c0000000, 0x00000000d3c00000, 0x00000000eab00000)
  object space 323584K, 93% used [0x00000000c0000000,0x00000000d26747d8,0x00000000d3c00000)
 Metaspace       used 64868K, committed 66176K, reserved 1114112K
  class space    used 6888K, committed 7488K, reserved 1048576K
}
Event: 43.858 GC heap after
{Heap after GC invocations=191 (full 12):
 PSYoungGen      total 27648K, used 1521K [0x00000000eab00000, 0x00000000ece00000, 0x0000000100000000)
  eden space 26112K, 0% used [0x00000000eab00000,0x00000000eab00000,0x00000000ec480000)
  from space 1536K, 99% used [0x00000000ecc80000,0x00000000ecdfc5f0,0x00000000ece00000)
  to   space 4096K, 0% used [0x00000000ec600000,0x00000000ec600000,0x00000000eca00000)
 ParOldGen       total 323584K, used 304978K [0x00000000c0000000, 0x00000000d3c00000, 0x00000000eab00000)
  object space 323584K, 94% used [0x00000000c0000000,0x00000000d29d4848,0x00000000d3c00000)
 Metaspace       used 64868K, committed 66176K, reserved 1114112K
  class space    used 6888K, committed 7488K, reserved 1048576K
}
Event: 43.878 GC heap before
{Heap before GC invocations=192 (full 12):
 PSYoungGen      total 27648K, used 27633K [0x00000000eab00000, 0x00000000ece00000, 0x0000000100000000)
  eden space 26112K, 100% used [0x00000000eab00000,0x00000000ec480000,0x00000000ec480000)
  from space 1536K, 99% used [0x00000000ecc80000,0x00000000ecdfc5f0,0x00000000ece00000)
  to   space 4096K, 0% used [0x00000000ec600000,0x00000000ec600000,0x00000000eca00000)
 ParOldGen       total 323584K, used 304978K [0x00000000c0000000, 0x00000000d3c00000, 0x00000000eab00000)
  object space 323584K, 94% used [0x00000000c0000000,0x00000000d29d4848,0x00000000d3c00000)
 Metaspace       used 64922K, committed 66240K, reserved 1114112K
  class space    used 6896K, committed 7488K, reserved 1048576K
}
Event: 43.880 GC heap after
{Heap after GC invocations=192 (full 12):
 PSYoungGen      total 31744K, used 3311K [0x00000000eab00000, 0x00000000ecf00000, 0x0000000100000000)
  eden space 27648K, 0% used [0x00000000eab00000,0x00000000eab00000,0x00000000ec600000)
  from space 4096K, 80% used [0x00000000ec600000,0x00000000ec93bef0,0x00000000eca00000)
  to   space 4096K, 0% used [0x00000000ecb00000,0x00000000ecb00000,0x00000000ecf00000)
 ParOldGen       total 323584K, used 304986K [0x00000000c0000000, 0x00000000d3c00000, 0x00000000eab00000)
  object space 323584K, 94% used [0x00000000c0000000,0x00000000d29d6848,0x00000000d3c00000)
 Metaspace       used 64922K, committed 66240K, reserved 1114112K
  class space    used 6896K, committed 7488K, reserved 1048576K
}
Event: 43.931 GC heap before
{Heap before GC invocations=193 (full 12):
 PSYoungGen      total 31744K, used 30959K [0x00000000eab00000, 0x00000000ecf00000, 0x0000000100000000)
  eden space 27648K, 100% used [0x00000000eab00000,0x00000000ec600000,0x00000000ec600000)
  from space 4096K, 80% used [0x00000000ec600000,0x00000000ec93bef0,0x00000000eca00000)
  to   space 4096K, 0% used [0x00000000ecb00000,0x00000000ecb00000,0x00000000ecf00000)
 ParOldGen       total 323584K, used 304986K [0x00000000c0000000, 0x00000000d3c00000, 0x00000000eab00000)
  object space 323584K, 94% used [0x00000000c0000000,0x00000000d29d6848,0x00000000d3c00000)
 Metaspace       used 64944K, committed 66240K, reserved 1114112K
  class space    used 6900K, committed 7488K, reserved 1048576K
}
Event: 43.934 GC heap after
{Heap after GC invocations=193 (full 12):
 PSYoungGen      total 29184K, used 4079K [0x00000000eab00000, 0x00000000ed780000, 0x0000000100000000)
  eden space 25088K, 0% used [0x00000000eab00000,0x00000000eab00000,0x00000000ec380000)
  from space 4096K, 99% used [0x00000000ecb00000,0x00000000ecefbfd0,0x00000000ecf00000)
  to   space 7680K, 0% used [0x00000000ec380000,0x00000000ec380000,0x00000000ecb00000)
 ParOldGen       total 323584K, used 307594K [0x00000000c0000000, 0x00000000d3c00000, 0x00000000eab00000)
  object space 323584K, 95% used [0x00000000c0000000,0x00000000d2c62998,0x00000000d3c00000)
 Metaspace       used 64944K, committed 66240K, reserved 1114112K
  class space    used 6900K, committed 7488K, reserved 1048576K
}
Event: 43.966 GC heap before
{Heap before GC invocations=194 (full 12):
 PSYoungGen      total 29184K, used 29167K [0x00000000eab00000, 0x00000000ed780000, 0x0000000100000000)
  eden space 25088K, 100% used [0x00000000eab00000,0x00000000ec380000,0x00000000ec380000)
  from space 4096K, 99% used [0x00000000ecb00000,0x00000000ecefbfd0,0x00000000ecf00000)
  to   space 7680K, 0% used [0x00000000ec380000,0x00000000ec380000,0x00000000ecb00000)
 ParOldGen       total 323584K, used 307594K [0x00000000c0000000, 0x00000000d3c00000, 0x00000000eab00000)
  object space 323584K, 95% used [0x00000000c0000000,0x00000000d2c62998,0x00000000d3c00000)
 Metaspace       used 64994K, committed 66304K, reserved 1114112K
  class space    used 6905K, committed 7488K, reserved 1048576K
}
Event: 43.970 GC heap after
{Heap after GC invocations=194 (full 12):
 PSYoungGen      total 32768K, used 7679K [0x00000000eab00000, 0x00000000eda00000, 0x0000000100000000)
  eden space 25088K, 0% used [0x00000000eab00000,0x00000000eab00000,0x00000000ec380000)
  from space 7680K, 99% used [0x00000000ec380000,0x00000000ecaffea0,0x00000000ecb00000)
  to   space 10240K, 0% used [0x00000000ed000000,0x00000000ed000000,0x00000000eda00000)
 ParOldGen       total 323584K, used 309452K [0x00000000c0000000, 0x00000000d3c00000, 0x00000000eab00000)
  object space 323584K, 95% used [0x00000000c0000000,0x00000000d2e332d0,0x00000000d3c00000)
 Metaspace       used 64994K, committed 66304K, reserved 1114112K
  class space    used 6905K, committed 7488K, reserved 1048576K
}
Event: 44.006 GC heap before
{Heap before GC invocations=195 (full 12):
 PSYoungGen      total 32768K, used 32767K [0x00000000eab00000, 0x00000000eda00000, 0x0000000100000000)
  eden space 25088K, 100% used [0x00000000eab00000,0x00000000ec380000,0x00000000ec380000)
  from space 7680K, 99% used [0x00000000ec380000,0x00000000ecaffea0,0x00000000ecb00000)
  to   space 10240K, 0% used [0x00000000ed000000,0x00000000ed000000,0x00000000eda00000)
 ParOldGen       total 323584K, used 309452K [0x00000000c0000000, 0x00000000d3c00000, 0x00000000eab00000)
  object space 323584K, 95% used [0x00000000c0000000,0x00000000d2e332d0,0x00000000d3c00000)
 Metaspace       used 65019K, committed 66304K, reserved 1114112K
  class space    used 6909K, committed 7488K, reserved 1048576K
}
Event: 44.010 GC heap after
{Heap after GC invocations=195 (full 12):
 PSYoungGen      total 32256K, used 4381K [0x00000000eab00000, 0x00000000ed480000, 0x0000000100000000)
  eden space 27648K, 0% used [0x00000000eab00000,0x00000000eab00000,0x00000000ec600000)
  from space 4608K, 95% used [0x00000000ed000000,0x00000000ed447700,0x00000000ed480000)
  to   space 6656K, 0% used [0x00000000ec780000,0x00000000ec780000,0x00000000ece00000)
 ParOldGen       total 323584K, used 316895K [0x00000000c0000000, 0x00000000d3c00000, 0x00000000eab00000)
  object space 323584K, 97% used [0x00000000c0000000,0x00000000d3577fd8,0x00000000d3c00000)
 Metaspace       used 65019K, committed 66304K, reserved 1114112K
  class space    used 6909K, committed 7488K, reserved 1048576K
}
Event: 44.089 GC heap before
{Heap before GC invocations=196 (full 13):
 PSYoungGen      total 32256K, used 32029K [0x00000000eab00000, 0x00000000ed480000, 0x0000000100000000)
  eden space 27648K, 100% used [0x00000000eab00000,0x00000000ec600000,0x00000000ec600000)
  from space 4608K, 95% used [0x00000000ed000000,0x00000000ed447700,0x00000000ed480000)
  to   space 6656K, 0% used [0x00000000ec780000,0x00000000ec780000,0x00000000ece00000)
 ParOldGen       total 323584K, used 316895K [0x00000000c0000000, 0x00000000d3c00000, 0x00000000eab00000)
  object space 323584K, 97% used [0x00000000c0000000,0x00000000d3577fd8,0x00000000d3c00000)
 Metaspace       used 65042K, committed 66304K, reserved 1114112K
  class space    used 6910K, committed 7488K, reserved 1048576K
}
Event: 49.241 GC heap after
{Heap after GC invocations=196 (full 13):
 PSYoungGen      total 35840K, used 0K [0x00000000eab00000, 0x00000000ed600000, 0x0000000100000000)
  eden space 29184K, 0% used [0x00000000eab00000,0x00000000eab00000,0x00000000ec780000)
  from space 6656K, 0% used [0x00000000ec780000,0x00000000ec780000,0x00000000ece00000)
  to   space 6656K, 0% used [0x00000000ecf80000,0x00000000ecf80000,0x00000000ed600000)
 ParOldGen       total 323584K, used 320421K [0x00000000c0000000, 0x00000000d3c00000, 0x00000000eab00000)
  object space 323584K, 99% used [0x00000000c0000000,0x00000000d38e9658,0x00000000d3c00000)
 Metaspace       used 65042K, committed 66304K, reserved 1114112K
  class space    used 6910K, committed 7488K, reserved 1048576K
}
Event: 49.344 GC heap before
{Heap before GC invocations=197 (full 14):
 PSYoungGen      total 35840K, used 29184K [0x00000000eab00000, 0x00000000ed600000, 0x0000000100000000)
  eden space 29184K, 100% used [0x00000000eab00000,0x00000000ec780000,0x00000000ec780000)
  from space 6656K, 0% used [0x00000000ec780000,0x00000000ec780000,0x00000000ece00000)
  to   space 6656K, 0% used [0x00000000ecf80000,0x00000000ecf80000,0x00000000ed600000)
 ParOldGen       total 323584K, used 320421K [0x00000000c0000000, 0x00000000d3c00000, 0x00000000eab00000)
  object space 323584K, 99% used [0x00000000c0000000,0x00000000d38e9658,0x00000000d3c00000)
 Metaspace       used 65112K, committed 66368K, reserved 1114112K
  class space    used 6915K, committed 7488K, reserved 1048576K
}
Event: 53.637 GC heap after
{Heap after GC invocations=197 (full 14):
 PSYoungGen      total 34304K, used 0K [0x00000000eab00000, 0x00000000ed480000, 0x0000000100000000)
  eden space 29184K, 0% used [0x00000000eab00000,0x00000000eab00000,0x00000000ec780000)
  from space 5120K, 0% used [0x00000000ecf80000,0x00000000ecf80000,0x00000000ed480000)
  to   space 6656K, 0% used [0x00000000ec780000,0x00000000ec780000,0x00000000ece00000)
 ParOldGen       total 323584K, used 322447K [0x00000000c0000000, 0x00000000d3c00000, 0x00000000eab00000)
  object space 323584K, 99% used [0x00000000c0000000,0x00000000d3ae3d18,0x00000000d3c00000)
 Metaspace       used 65112K, committed 66368K, reserved 1114112K
  class space    used 6915K, committed 7488K, reserved 1048576K
}

